<?xml version="1.0" encoding="UTF-8"?>
<!-- Generated by org.testng.reporters.JUnitReportReporter -->
<testsuite skipped="0" hostname="admin-PC" name="testscripts.CreateCustomerTest" tests="2" failures="0" timestamp="21 Apr 2018 05:15:32 GMT" time="2.501" errors="2">
  <testcase name="createCustomerWithDescpTest" time="2.046" classname="testscripts.CreateCustomerTest">
    <error type="java.lang.Error" message="Unresolved compilation problems: 
	Home cannot be resolved to a type
	Type mismatch: cannot convert from Home to Home
	Home cannot be resolved to a type
	OpenTask cannot be resolved to a type
	Type mismatch: cannot convert from OpenTask to OpenTask
	OpenTask cannot be resolved to a type
	ActtiveProjectAndCustomer cannot be resolved to a type
	Type mismatch: cannot convert from ActtiveProjectAndCustomer to ActtiveProjectAndCustomer
	ActtiveProjectAndCustomer cannot be resolved to a type
	CreateNewCustomer cannot be resolved to a type
	Type mismatch: cannot convert from CreateNewCustomer to CreateNewCustomer
	CreateNewCustomer cannot be resolved to a type
">
      <![CDATA[java.lang.Error: Unresolved compilation problems: 
Home cannot be resolved to a type
Type mismatch: cannot convert from Home to Home
Home cannot be resolved to a type
OpenTask cannot be resolved to a type
Type mismatch: cannot convert from OpenTask to OpenTask
OpenTask cannot be resolved to a type
ActtiveProjectAndCustomer cannot be resolved to a type
Type mismatch: cannot convert from ActtiveProjectAndCustomer to ActtiveProjectAndCustomer
ActtiveProjectAndCustomer cannot be resolved to a type
CreateNewCustomer cannot be resolved to a type
Type mismatch: cannot convert from CreateNewCustomer to CreateNewCustomer
CreateNewCustomer cannot be resolved to a type

at testscripts.CreateCustomerTest.createCustomerWithDescpTest(CreateCustomerTest.java:46)
at sun.reflect.NativeMethodAccessorImpl.invoke0(Native Method)
at sun.reflect.NativeMethodAccessorImpl.invoke(Unknown Source)
at sun.reflect.DelegatingMethodAccessorImpl.invoke(Unknown Source)
at java.lang.reflect.Method.invoke(Unknown Source)
at org.testng.internal.MethodInvocationHelper.invokeMethod(MethodInvocationHelper.java:124)
at org.testng.internal.Invoker.invokeMethod(Invoker.java:580)
at org.testng.internal.Invoker.invokeTestMethod(Invoker.java:716)
at org.testng.internal.Invoker.invokeTestMethods(Invoker.java:988)
at org.testng.internal.TestMethodWorker.invokeTestMethods(TestMethodWorker.java:125)
at org.testng.internal.TestMethodWorker.run(TestMethodWorker.java:109)
at org.testng.TestRunner.privateRun(TestRunner.java:648)
at org.testng.TestRunner.run(TestRunner.java:505)
at org.testng.SuiteRunner.runTest(SuiteRunner.java:455)
at org.testng.SuiteRunner.runSequentially(SuiteRunner.java:450)
at org.testng.SuiteRunner.privateRun(SuiteRunner.java:415)
at org.testng.SuiteRunner.run(SuiteRunner.java:364)
at org.testng.SuiteRunnerWorker.runSuite(SuiteRunnerWorker.java:52)
at org.testng.SuiteRunnerWorker.run(SuiteRunnerWorker.java:84)
at org.testng.TestNG.runSuitesSequentially(TestNG.java:1208)
at org.testng.TestNG.runSuitesLocally(TestNG.java:1137)
at org.testng.TestNG.runSuites(TestNG.java:1049)
at org.testng.TestNG.run(TestNG.java:1017)
at org.testng.remote.AbstractRemoteTestNG.run(AbstractRemoteTestNG.java:114)
at org.testng.remote.RemoteTestNG.initAndRun(RemoteTestNG.java:251)
at org.testng.remote.RemoteTestNG.main(RemoteTestNG.java:77)
]]>
    </error>
  </testcase> <!-- createCustomerWithDescpTest -->
  <testcase name="createCustomerTest" time="0.455" classname="testscripts.CreateCustomerTest">
    <error type="java.lang.Error" message="Unresolved compilation problems: 
	Home cannot be resolved to a type
	Type mismatch: cannot convert from Home to Home
	Home cannot be resolved to a type
	OpenTask cannot be resolved to a type
	Type mismatch: cannot convert from OpenTask to OpenTask
	OpenTask cannot be resolved to a type
	ActtiveProjectAndCustomer cannot be resolved to a type
	Type mismatch: cannot convert from ActtiveProjectAndCustomer to ActtiveProjectAndCustomer
	ActtiveProjectAndCustomer cannot be resolved to a type
	CreateNewCustomer cannot be resolved to a type
	Type mismatch: cannot convert from CreateNewCustomer to CreateNewCustomer
	CreateNewCustomer cannot be resolved to a type
">
      <![CDATA[java.lang.Error: Unresolved compilation problems: 
Home cannot be resolved to a type
Type mismatch: cannot convert from Home to Home
Home cannot be resolved to a type
OpenTask cannot be resolved to a type
Type mismatch: cannot convert from OpenTask to OpenTask
OpenTask cannot be resolved to a type
ActtiveProjectAndCustomer cannot be resolved to a type
Type mismatch: cannot convert from ActtiveProjectAndCustomer to ActtiveProjectAndCustomer
ActtiveProjectAndCustomer cannot be resolved to a type
CreateNewCustomer cannot be resolved to a type
Type mismatch: cannot convert from CreateNewCustomer to CreateNewCustomer
CreateNewCustomer cannot be resolved to a type

at testscripts.CreateCustomerTest.createCustomerTest(CreateCustomerTest.java:21)
at sun.reflect.NativeMethodAccessorImpl.invoke0(Native Method)
at sun.reflect.NativeMethodAccessorImpl.invoke(Unknown Source)
at sun.reflect.DelegatingMethodAccessorImpl.invoke(Unknown Source)
at java.lang.reflect.Method.invoke(Unknown Source)
at org.testng.internal.MethodInvocationHelper.invokeMethod(MethodInvocationHelper.java:124)
at org.testng.internal.Invoker.invokeMethod(Invoker.java:580)
at org.testng.internal.Invoker.invokeTestMethod(Invoker.java:716)
at org.testng.internal.Invoker.invokeTestMethods(Invoker.java:988)
at org.testng.internal.TestMethodWorker.invokeTestMethods(TestMethodWorker.java:125)
at org.testng.internal.TestMethodWorker.run(TestMethodWorker.java:109)
at org.testng.TestRunner.privateRun(TestRunner.java:648)
at org.testng.TestRunner.run(TestRunner.java:505)
at org.testng.SuiteRunner.runTest(SuiteRunner.java:455)
at org.testng.SuiteRunner.runSequentially(SuiteRunner.java:450)
at org.testng.SuiteRunner.privateRun(SuiteRunner.java:415)
at org.testng.SuiteRunner.run(SuiteRunner.java:364)
at org.testng.SuiteRunnerWorker.runSuite(SuiteRunnerWorker.java:52)
at org.testng.SuiteRunnerWorker.run(SuiteRunnerWorker.java:84)
at org.testng.TestNG.runSuitesSequentially(TestNG.java:1208)
at org.testng.TestNG.runSuitesLocally(TestNG.java:1137)
at org.testng.TestNG.runSuites(TestNG.java:1049)
at org.testng.TestNG.run(TestNG.java:1017)
at org.testng.remote.AbstractRemoteTestNG.run(AbstractRemoteTestNG.java:114)
at org.testng.remote.RemoteTestNG.initAndRun(RemoteTestNG.java:251)
at org.testng.remote.RemoteTestNG.main(RemoteTestNG.java:77)
]]>
    </error>
  </testcase> <!-- createCustomerTest -->
</testsuite> <!-- testscripts.CreateCustomerTest -->
